<?xml version="1.0" encoding="UTF-8"?>
<!-- Generated by org.testng.reporters.JUnitXMLReporter -->
<testsuite hostname="DESKTOP-RSCU4RQ" ignored="0" name="Default test" tests="4" failures="0" timestamp="17 三月 2019 01:07:53 GMT" time="0.041" errors="0">
  <testcase name="verifyUserAgents" time="0.01" classname="org.quickbook.com.quickbook.test.TestDrivers"/>
  <testcase name="verifyUserAgents" time="0.0" classname="org.quickbook.com.quickbook.test.TestDrivers"/>
  <testcase name="verifyUserAgents" time="0.0" classname="org.quickbook.com.quickbook.test.TestDrivers"/>
  <testcase name="verifyUserAgents" time="0.0" classname="org.quickbook.com.quickbook.test.TestDrivers"/>
</testsuite> <!-- Default test -->
